# JRE version: OpenJDK Runtime Environment (8.0_45-b14) (build 1.8.0_45-b14)
# Java VM: OpenJDK 64-Bit Server VM (25.45-b02 mixed mode linux-amd64 compressed oops)
Heap:
 PSYoungGen      total 480256K, used 229916K [0x00000006eab00000, 0x000000071c400000, 0x00000007c0000000)
  eden space 266240K, 5% used [0x00000006eab00000,0x00000006eba8e720,0x00000006faf00000)
  from space 214016K, 99% used [0x00000006faf00000,0x0000000707ff8b28,0x0000000708000000)
  to   space 251904K, 0% used [0x000000070ce00000,0x000000070ce00000,0x000000071c400000)
 ParOldGen       total 399360K, used 283043K [0x0000000540000000, 0x0000000558600000, 0x00000006eab00000)
  object space 399360K, 70% used [0x0000000540000000,0x0000000551468fa8,0x0000000558600000)
 Metaspace       used 8318K, capacity 8400K, committed 8448K, reserved 1056768K
  class space    used 963K, capacity 1008K, committed 1024K, reserved 1048576K
GC Heap History (10 events):
Event: 16,743 GC heap before
{Heap before GC invocations=23 (full 4):
 PSYoungGen      total 373248K, used 332109K [0x00000006eab00000, 0x000000070f880000, 0x00000007c0000000)
  eden space 217088K, 100% used [0x00000006eab00000,0x00000006f7f00000,0x00000006f7f00000)
  from space 156160K, 73% used [0x0000000702f80000,0x0000000709fd35f8,0x000000070c800000)
  to   space 180736K, 0% used [0x00000006f7f00000,0x00000006f7f00000,0x0000000702f80000)
 ParOldGen       total 399360K, used 270885K [0x0000000540000000, 0x0000000558600000, 0x00000006eab00000)
  object space 399360K, 67% used [0x0000000540000000,0x0000000550889518,0x0000000558600000)
 Metaspace       used 7690K, capacity 7760K, committed 7936K, reserved 1056768K
  class space    used 882K, capacity 944K, committed 1024K, reserved 1048576K
Event: 17,011 GC heap after
Heap after GC invocations=23 (full 4):
 PSYoungGen      total 397824K, used 140479K [0x00000006eab00000, 0x0000000712000000, 0x00000007c0000000)
  eden space 217088K, 0% used [0x00000006eab00000,0x00000006eab00000,0x00000006f7f00000)
  from space 180736K, 77% used [0x00000006f7f00000,0x000000070082fdb8,0x0000000702f80000)
  to   space 196096K, 0% used [0x0000000706080000,0x0000000706080000,0x0000000712000000)
 ParOldGen       total 399360K, used 270893K [0x0000000540000000, 0x0000000558600000, 0x00000006eab00000)
  object space 399360K, 67% used [0x0000000540000000,0x000000055088b518,0x0000000558600000)
 Metaspace       used 7690K, capacity 7760K, committed 7936K, reserved 1056768K
  class space    used 882K, capacity 944K, committed 1024K, reserved 1048576K
}
Event: 18,121 GC heap before
{Heap before GC invocations=24 (full 4):
 PSYoungGen      total 397824K, used 357567K [0x00000006eab00000, 0x0000000712000000, 0x00000007c0000000)
  eden space 217088K, 100% used [0x00000006eab00000,0x00000006f7f00000,0x00000006f7f00000)
  from space 180736K, 77% used [0x00000006f7f00000,0x000000070082fdb8,0x0000000702f80000)
  to   space 196096K, 0% used [0x0000000706080000,0x0000000706080000,0x0000000712000000)
 ParOldGen       total 399360K, used 270893K [0x0000000540000000, 0x0000000558600000, 0x00000006eab00000)
  object space 399360K, 67% used [0x0000000540000000,0x000000055088b518,0x0000000558600000)
 Metaspace       used 7755K, capacity 7888K, committed 8192K, reserved 1056768K
  class space    used 888K, capacity 944K, committed 1024K, reserved 1048576K
Event: 18,285 GC heap after
Heap after GC invocations=24 (full 4):
 PSYoungGen      total 437760K, used 135402K [0x00000006eab00000, 0x0000000713300000, 0x00000007c0000000)
  eden space 241664K, 0% used [0x00000006eab00000,0x00000006eab00000,0x00000006f9700000)
  from space 196096K, 69% used [0x0000000706080000,0x000000070e4babd8,0x0000000712000000)
  to   space 206336K, 0% used [0x00000006f9700000,0x00000006f9700000,0x0000000706080000)
 ParOldGen       total 399360K, used 270893K [0x0000000540000000, 0x0000000558600000, 0x00000006eab00000)
  object space 399360K, 67% used [0x0000000540000000,0x000000055088b518,0x0000000558600000)
 Metaspace       used 7755K, capacity 7888K, committed 8192K, reserved 1056768K
  class space    used 888K, capacity 944K, committed 1024K, reserved 1048576K
}
Event: 19,082 GC heap before
{Heap before GC invocations=25 (full 4):
 PSYoungGen      total 437760K, used 377066K [0x00000006eab00000, 0x0000000713300000, 0x00000007c0000000)
  eden space 241664K, 100% used [0x00000006eab00000,0x00000006f9700000,0x00000006f9700000)
  from space 196096K, 69% used [0x0000000706080000,0x000000070e4babd8,0x0000000712000000)
  to   space 206336K, 0% used [0x00000006f9700000,0x00000006f9700000,0x0000000706080000)
 ParOldGen       total 399360K, used 270893K [0x0000000540000000, 0x0000000558600000, 0x00000006eab00000)
  object space 399360K, 67% used [0x0000000540000000,0x000000055088b518,0x0000000558600000)
 Metaspace       used 7775K, capacity 7888K, committed 8192K, reserved 1056768K
  class space    used 891K, capacity 944K, committed 1024K, reserved 1048576K
Event: 19,266 GC heap after
Heap after GC invocations=25 (full 4):
 PSYoungGen      total 448000K, used 97249K [0x00000006eab00000, 0x0000000714300000, 0x00000007c0000000)
  eden space 241664K, 0% used [0x00000006eab00000,0x00000006eab00000,0x00000006f9700000)
  from space 206336K, 47% used [0x00000006f9700000,0x00000006ff5f8698,0x0000000706080000)
  to   space 199680K, 0% used [0x0000000708000000,0x0000000708000000,0x0000000714300000)
 ParOldGen       total 399360K, used 270893K [0x0000000540000000, 0x0000000558600000, 0x00000006eab00000)
  object space 399360K, 67% used [0x0000000540000000,0x000000055088b518,0x0000000558600000)
 Metaspace       used 7775K, capacity 7888K, committed 8192K, reserved 1056768K
  class space    used 891K, capacity 944K, committed 1024K, reserved 1048576K
}
Event: 20,315 GC heap before
{Heap before GC invocations=26 (full 4):
 PSYoungGen      total 448000K, used 338913K [0x00000006eab00000, 0x0000000714300000, 0x00000007c0000000)
  eden space 241664K, 100% used [0x00000006eab00000,0x00000006f9700000,0x00000006f9700000)
  from space 206336K, 47% used [0x00000006f9700000,0x00000006ff5f8698,0x0000000706080000)
  to   space 199680K, 0% used [0x0000000708000000,0x0000000708000000,0x0000000714300000)
 ParOldGen       total 399360K, used 270893K [0x0000000540000000, 0x0000000558600000, 0x00000006eab00000)
  object space 399360K, 67% used [0x0000000540000000,0x000000055088b518,0x0000000558600000)
 Metaspace       used 7783K, capacity 7888K, committed 8192K, reserved 1056768K
  class space    used 891K, capacity 944K, committed 1024K, reserved 1048576K
Event: 20,582 GC heap after
Heap after GC invocations=26 (full 4):
 PSYoungGen      total 465920K, used 154353K [0x00000006eab00000, 0x0000000716080000, 0x00000007c0000000)
  eden space 266240K, 0% used [0x00000006eab00000,0x00000006eab00000,0x00000006faf00000)
  from space 199680K, 77% used [0x0000000708000000,0x00000007116bc718,0x0000000714300000)
  to   space 214016K, 0% used [0x00000006faf00000,0x00000006faf00000,0x0000000708000000)
 ParOldGen       total 399360K, used 270893K [0x0000000540000000, 0x0000000558600000, 0x00000006eab00000)
  object space 399360K, 67% used [0x0000000540000000,0x000000055088b518,0x0000000558600000)
 Metaspace       used 7783K, capacity 7888K, committed 8192K, reserved 1056768K
  class space    used 891K, capacity 944K, committed 1024K, reserved 1048576K
}
Event: 23,203 GC heap before
{Heap before GC invocations=27 (full 4):
 PSYoungGen      total 465920K, used 420593K [0x00000006eab00000, 0x0000000716080000, 0x00000007c0000000)
  eden space 266240K, 100% used [0x00000006eab00000,0x00000006faf00000,0x00000006faf00000)
  from space 199680K, 77% used [0x0000000708000000,0x00000007116bc718,0x0000000714300000)
  to   space 214016K, 0% used [0x00000006faf00000,0x00000006faf00000,0x0000000708000000)
 ParOldGen       total 399360K, used 270893K [0x0000000540000000, 0x0000000558600000, 0x00000006eab00000)
  object space 399360K, 67% used [0x0000000540000000,0x000000055088b518,0x0000000558600000)
 Metaspace       used 8317K, capacity 8400K, committed 8448K, reserved 1056768K
  class space    used 963K, capacity 1008K, committed 1024K, reserved 1048576K
Event: 23,530 GC heap after
Heap after GC invocations=27 (full 4):
 PSYoungGen      total 480256K, used 213986K [0x00000006eab00000, 0x000000071c400000, 0x00000007c0000000)
  eden space 266240K, 0% used [0x00000006eab00000,0x00000006eab00000,0x00000006faf00000)
  from space 214016K, 99% used [0x00000006faf00000,0x0000000707ff8b28,0x0000000708000000)
  to   space 251904K, 0% used [0x000000070ce00000,0x000000070ce00000,0x000000071c400000)
 ParOldGen       total 399360K, used 283043K [0x0000000540000000, 0x0000000558600000, 0x00000006eab00000)
  object space 399360K, 70% used [0x0000000540000000,0x0000000551468fa8,0x0000000558600000)
 Metaspace       used 8317K, capacity 8400K, committed 8448K, reserved 1056768K
  class space    used 963K, capacity 1008K, committed 1024K, reserved 1048576K
}

